2023-02-21 12:09:59,634 [Worker-5: Loading available Gradle versions] INFO  o.e.b.c.i.u.g.PublishedGradleVersions - Gradle version information cache is up-to-date. Trying to read.
2023-02-21 12:11:32,721 [Worker-7: Importing Maven projects] INFO  o.e.m.c.i.l.LifecycleMappingFactory - Using org.eclipse.m2e.jdt.JarLifecycleMapping lifecycle mapping for MavenProject: proyectoMDS:martinezmellado:1.0-SNAPSHOT @ C:\MDS2-MartinezMellado\martinezmellado\pom.xml.
2023-02-21 12:11:40,584 [Worker-7: Importing Maven projects] INFO  dev-updater - Copying frontend resources from jar files ...
2023-02-21 12:11:40,770 [Worker-7: Importing Maven projects] INFO  dev-updater - Visited 114 resources. Took 185 ms.
2023-02-21 12:11:40,917 [Worker-7: Importing Maven projects] INFO  o.e.m.j.i.AbstractJavaProjectConfigurator - Adding source folder /martinezmellado/src/main/java
2023-02-21 12:11:40,919 [Worker-7: Importing Maven projects] INFO  o.e.m.j.i.AbstractJavaProjectConfigurator - Adding resource folder /martinezmellado/src/main/resources
2023-02-21 12:11:40,925 [Worker-7: Importing Maven projects] INFO  o.e.m.j.i.AbstractJavaProjectConfigurator - Adding resource folder /martinezmellado/src/main/resources
2023-02-21 12:11:40,937 [Worker-7: Importing Maven projects] INFO  o.e.m.j.i.AbstractJavaProjectConfigurator - Adding source folder /martinezmellado/src/test/java
2023-02-21 12:11:42,468 [Worker-7: Importing Maven projects] INFO  o.e.m.c.i.p.ProjectConfigurationManager - Imported and configured 1 project(s) in 10 sec
2023-02-21 12:11:51,018 [Worker-13: Building] INFO  dev-updater - Copying frontend resources from jar files ...
2023-02-21 12:11:51,195 [Worker-13: Building] INFO  dev-updater - Visited 114 resources. Took 176 ms.
2023-02-21 12:12:07,733 [Worker-5: Updating Maven Project] INFO  o.e.m.c.i.p.ProjectConfigurationManager - Update started
2023-02-21 12:12:08,019 [Worker-5: Updating Maven Project] INFO  o.e.m.c.i.l.LifecycleMappingFactory - Using org.eclipse.m2e.jdt.JarLifecycleMapping lifecycle mapping for MavenProject: proyectoMDS:martinezmellado:1.0-SNAPSHOT @ C:\MDS2-MartinezMellado\martinezmellado\pom.xml.
2023-02-21 12:12:14,269 [Worker-5: Updating Maven Project] INFO  dev-updater - Copying frontend resources from jar files ...
2023-02-21 12:12:14,389 [Worker-5: Updating Maven Project] INFO  dev-updater - Visited 114 resources. Took 120 ms.
2023-02-21 12:12:14,408 [Worker-5: Updating Maven Project] INFO  o.e.m.j.i.AbstractJavaProjectConfigurator - Adding source folder /martinezmellado/src/main/java
2023-02-21 12:12:14,409 [Worker-5: Updating Maven Project] INFO  o.e.m.j.i.AbstractJavaProjectConfigurator - Adding resource folder /martinezmellado/src/main/resources
2023-02-21 12:12:14,409 [Worker-5: Updating Maven Project] INFO  o.e.m.j.i.AbstractJavaProjectConfigurator - Adding resource folder /martinezmellado/src/main/resources
2023-02-21 12:12:14,410 [Worker-5: Updating Maven Project] INFO  o.e.m.j.i.AbstractJavaProjectConfigurator - Adding source folder /martinezmellado/src/test/java
2023-02-21 12:12:14,926 [Worker-5: Updating Maven Project] INFO  o.e.m.c.i.p.ProjectConfigurationManager - Update completed for 1 poms: local refresh takes 0,00 sec, refresh facades takes 1,00 sec, update config takes 5,00 sec 
2023-02-21 12:12:20,399 [Worker-2: Building] INFO  dev-updater - Copying frontend resources from jar files ...
2023-02-21 12:12:20,507 [Worker-2: Building] INFO  dev-updater - Visited 114 resources. Took 108 ms.
2023-02-21 12:30:41,786 [Worker-1: Loading available Gradle versions] INFO  o.e.b.c.i.u.g.PublishedGradleVersions - Gradle version information cache is up-to-date. Trying to read.
2023-02-21 12:31:12,044 [Worker-4: Building] INFO  o.e.m.c.i.embedder.EclipseLogger - Using 'UTF-8' encoding to copy filtered resources.
2023-02-21 12:31:12,046 [Worker-4: Building] INFO  o.e.m.c.i.embedder.EclipseLogger - Using 'UTF-8' encoding to copy filtered properties files.
2023-02-21 12:31:12,051 [Worker-4: Building] INFO  o.e.m.c.i.embedder.EclipseLogger - Copying 1 resource
2023-02-21 12:31:12,071 [Worker-4: Building] INFO  o.e.m.c.i.embedder.EclipseLogger - Copying 2 resources
2023-02-21 12:31:12,083 [Worker-4: Building] INFO  o.e.m.c.i.embedder.EclipseLogger - Using 'UTF-8' encoding to copy filtered resources.
2023-02-21 12:31:12,084 [Worker-4: Building] INFO  o.e.m.c.i.embedder.EclipseLogger - Using 'UTF-8' encoding to copy filtered properties files.
2023-02-21 12:31:12,084 [Worker-4: Building] INFO  o.e.m.c.i.embedder.EclipseLogger - skip non existing resourceDirectory C:\MDS2-MartinezMellado\martinezmellado\src\test\resources
2023-02-21 12:31:54,332 [Worker-9: Building] INFO  o.e.m.c.i.embedder.EclipseLogger - Using 'UTF-8' encoding to copy filtered resources.
2023-02-21 12:31:54,332 [Worker-9: Building] INFO  o.e.m.c.i.embedder.EclipseLogger - Using 'UTF-8' encoding to copy filtered properties files.
2023-02-21 12:31:54,335 [Worker-9: Building] INFO  o.e.m.c.i.embedder.EclipseLogger - Copying 0 resource
2023-02-21 12:31:54,335 [Worker-9: Building] INFO  o.e.m.c.i.embedder.EclipseLogger - Copying 0 resource
2023-02-21 12:31:54,340 [Worker-9: Building] INFO  o.e.m.c.i.embedder.EclipseLogger - Using 'UTF-8' encoding to copy filtered resources.
2023-02-21 12:31:54,340 [Worker-9: Building] INFO  o.e.m.c.i.embedder.EclipseLogger - Using 'UTF-8' encoding to copy filtered properties files.
2023-02-21 12:31:54,340 [Worker-9: Building] INFO  o.e.m.c.i.embedder.EclipseLogger - skip non existing resourceDirectory C:\MDS2-MartinezMellado\martinezmellado\src\test\resources
2023-02-21 12:32:34,533 [Worker-3: Building] INFO  o.e.m.c.i.embedder.EclipseLogger - Using 'UTF-8' encoding to copy filtered resources.
2023-02-21 12:32:34,533 [Worker-3: Building] INFO  o.e.m.c.i.embedder.EclipseLogger - Using 'UTF-8' encoding to copy filtered properties files.
2023-02-21 12:32:34,533 [Worker-3: Building] INFO  o.e.m.c.i.embedder.EclipseLogger - Copying 0 resource
2023-02-21 12:32:34,534 [Worker-3: Building] INFO  o.e.m.c.i.embedder.EclipseLogger - Copying 0 resource
2023-02-21 12:32:34,537 [Worker-3: Building] INFO  o.e.m.c.i.embedder.EclipseLogger - Using 'UTF-8' encoding to copy filtered resources.
2023-02-21 12:32:34,537 [Worker-3: Building] INFO  o.e.m.c.i.embedder.EclipseLogger - Using 'UTF-8' encoding to copy filtered properties files.
2023-02-21 12:32:34,537 [Worker-3: Building] INFO  o.e.m.c.i.embedder.EclipseLogger - skip non existing resourceDirectory C:\MDS2-MartinezMellado\martinezmellado\src\test\resources
2023-02-21 12:33:12,103 [Worker-19: Updating Maven Project] INFO  o.e.m.c.i.p.ProjectConfigurationManager - Update started
2023-02-21 12:33:14,828 [Worker-19: Updating Maven Project] INFO  o.e.m.c.i.l.LifecycleMappingFactory - Using org.eclipse.m2e.jdt.JarLifecycleMapping lifecycle mapping for MavenProject: proyectoMDS:martinezmellado:1.0-SNAPSHOT @ C:\MDS2-MartinezMellado\martinezmellado\pom.xml.
2023-02-21 12:33:23,938 [Worker-19: Updating Maven Project] INFO  dev-updater - Copying frontend resources from jar files ...
2023-02-21 12:33:24,364 [Worker-19: Updating Maven Project] INFO  dev-updater - Visited 114 resources. Took 426 ms.
2023-02-21 12:33:24,539 [Worker-19: Updating Maven Project] INFO  o.e.m.j.i.AbstractJavaProjectConfigurator - Adding source folder /martinezmellado/src/main/java
2023-02-21 12:33:24,539 [Worker-19: Updating Maven Project] INFO  o.e.m.j.i.AbstractJavaProjectConfigurator - Adding resource folder /martinezmellado/src/main/resources
2023-02-21 12:33:24,540 [Worker-19: Updating Maven Project] INFO  o.e.m.j.i.AbstractJavaProjectConfigurator - Adding resource folder /martinezmellado/src/main/resources
2023-02-21 12:33:24,540 [Worker-19: Updating Maven Project] INFO  o.e.m.j.i.AbstractJavaProjectConfigurator - Adding source folder /martinezmellado/src/test/java
2023-02-21 12:33:25,707 [Worker-19: Updating Maven Project] INFO  o.e.m.c.i.p.ProjectConfigurationManager - Update completed for 1 poms: local refresh takes 2,00 sec, refresh facades takes 3,00 sec, update config takes 6,00 sec 
2023-02-23 14:50:07,873 [Worker-4: Loading available Gradle versions] INFO  o.e.b.c.i.u.g.PublishedGradleVersions - Gradle version information cache is out-of-date. Trying to update.
2023-02-23 14:50:54,725 [Worker-1: Building] INFO  o.e.m.c.i.embedder.EclipseLogger - Using 'UTF-8' encoding to copy filtered resources.
2023-02-23 14:50:54,726 [Worker-1: Building] INFO  o.e.m.c.i.embedder.EclipseLogger - Using 'UTF-8' encoding to copy filtered properties files.
2023-02-23 14:50:54,730 [Worker-1: Building] INFO  o.e.m.c.i.embedder.EclipseLogger - Copying 1 resource
2023-02-23 14:50:54,759 [Worker-1: Building] INFO  o.e.m.c.i.embedder.EclipseLogger - Copying 2 resources
2023-02-23 14:51:03,140 [Worker-1: Building] INFO  dev-updater - Copying frontend resources from jar files ...
2023-02-23 14:51:03,672 [Worker-1: Building] INFO  dev-updater - Visited 114 resources. Took 531 ms.
2023-02-23 14:51:03,693 [Worker-1: Building] INFO  o.e.m.c.i.embedder.EclipseLogger - Using 'UTF-8' encoding to copy filtered resources.
2023-02-23 14:51:03,693 [Worker-1: Building] INFO  o.e.m.c.i.embedder.EclipseLogger - Using 'UTF-8' encoding to copy filtered properties files.
2023-02-23 14:51:03,694 [Worker-1: Building] INFO  o.e.m.c.i.embedder.EclipseLogger - skip non existing resourceDirectory C:\MDS2-MartinezMellado\martinezmellado\src\test\resources
2023-02-23 14:51:32,062 [Worker-0: Loading available Gradle versions] INFO  o.e.b.c.i.u.g.PublishedGradleVersions - Gradle version information cache is up-to-date. Trying to read.
2023-02-23 14:52:57,427 [Worker-17: Building] INFO  o.e.m.c.i.embedder.EclipseLogger - Using 'UTF-8' encoding to copy filtered resources.
2023-02-23 14:52:57,428 [Worker-17: Building] INFO  o.e.m.c.i.embedder.EclipseLogger - Using 'UTF-8' encoding to copy filtered properties files.
2023-02-23 14:52:57,441 [Worker-17: Building] INFO  o.e.m.c.i.embedder.EclipseLogger - Copying 1 resource
2023-02-23 14:52:57,475 [Worker-17: Building] INFO  o.e.m.c.i.embedder.EclipseLogger - Copying 2 resources
2023-02-23 14:52:57,495 [Worker-17: Building] INFO  o.e.m.c.i.embedder.EclipseLogger - Using 'UTF-8' encoding to copy filtered resources.
2023-02-23 14:52:57,495 [Worker-17: Building] INFO  o.e.m.c.i.embedder.EclipseLogger - Using 'UTF-8' encoding to copy filtered properties files.
2023-02-23 14:52:57,496 [Worker-17: Building] INFO  o.e.m.c.i.embedder.EclipseLogger - skip non existing resourceDirectory C:\MDS2-MartinezMellado\martinezmellado\src\test\resources
